10/14/202312:42:56PM-root-INFO-   Test_01_Shop
10/14/202312:42:56PM-root-INFO-   Launching Browser
10/14/202312:51:13PM-root-INFO-   Test_01_Shop
10/14/202312:51:13PM-root-INFO-   Launching Browser
10/14/202312:52:24PM-root-INFO-   Visiting Shop Site
10/14/202312:52:31PM-root-INFO-   Adding items to cart
10/14/202312:52:34PM-root-INFO-   Checkout Page
10/14/202312:52:35PM-root-INFO-   Final Checkout
10/14/202312:52:35PM-root-INFO-   Verifying Address
10/14/202312:52:43PM-root-INFO-   Completed the Purchasing Process
10/14/202312:52:43PM-root-INFO-   Successfully Completed Shopping

10/14/202306:44:27PM-root-INFO-  Test_002_Form
10/14/202306:44:51PM-root-INFO-  Launching Form filling Page
10/14/202306:44:51PM-root-INFO-  Filling the details
10/14/202306:44:56PM-root-INFO-  Successfully completed the form

10/15/202310:34:34AM-root-INFO-  Test_002_Form
10/15/202310:34:34AM-root-INFO-  Test_002_Form
10/15/202310:36:14AM-root-INFO-  Launching Form filling Page
10/15/202310:36:14AM-root-INFO-  Launching Form filling Page
10/15/202310:36:14AM-root-INFO-  Filling the details
10/15/202310:36:14AM-root-INFO-  Filling the details
10/15/202310:36:21AM-root-INFO-  Successfully filled the form
10/15/202310:36:21AM-root-INFO-  Successfully filled the form
10/15/202310:38:22AM-root-INFO-  Test_002_Form
10/15/202310:38:22AM-root-INFO-  Test_002_Form
10/15/202310:42:09AM-root-INFO-  Test_002_Form
10/15/202310:42:09AM-root-INFO-  Test_002_Form
10/15/202310:42:30AM-root-INFO-  Launching Form filling Page
10/15/202310:42:30AM-root-INFO-  Launching Form filling Page
10/15/202310:42:30AM-root-INFO-  Filling the details
10/15/202310:42:30AM-root-INFO-  Filling the details
10/15/202310:42:34AM-root-INFO-  Successfully filled the form
10/15/202310:42:34AM-root-INFO-  Successfully filled the form
10/15/202310:45:23AM-root-INFO-   Test_001_Shop
10/15/202310:45:23AM-root-INFO-   Test_001_Shop
10/15/202310:45:23AM-root-INFO-   Launching Browser
10/15/202310:45:23AM-root-INFO-   Launching Browser
10/15/202310:46:56AM-root-INFO-  Test_002_Form
10/15/202310:46:56AM-root-INFO-  Test_002_Form
10/15/202310:47:48AM-root-INFO-  Launching Form filling Page
10/15/202310:47:48AM-root-INFO-  Launching Form filling Page
10/15/202310:47:48AM-root-INFO-  Filling the details
10/15/202310:47:48AM-root-INFO-  Filling the details
10/15/202310:47:54AM-root-INFO-  Successfully filled the form
10/15/202310:47:54AM-root-INFO-  Successfully filled the form
10/15/202310:49:13AM-root-INFO-   Test_001_Shop
10/15/202310:49:13AM-root-INFO-   Launching Browser
10/15/202310:49:36AM-root-INFO-   Visiting Shop Site
10/15/202310:49:43AM-root-INFO-   Adding items to cart
10/15/202310:49:45AM-root-INFO-   Checkout Page
10/15/202310:49:46AM-root-INFO-   Final Checkout
10/15/202310:49:46AM-root-INFO-   Verifying Address
10/15/202310:49:55AM-root-INFO-   Completed the Purchasing Process
10/15/202310:49:55AM-root-INFO-   Successfully Completed Shopping
10/15/202310:51:48AM-root-INFO-   Test_001_Shop
10/15/202310:51:48AM-root-INFO-   Test_001_Shop
10/15/202310:51:48AM-root-INFO-   Launching Browser
10/15/202310:51:48AM-root-INFO-   Launching Browser
10/15/202310:52:07AM-root-INFO-   Visiting Shop Site
10/15/202310:52:07AM-root-INFO-   Visiting Shop Site
10/15/202310:52:09AM-root-INFO-   Adding items to cart
10/15/202310:52:09AM-root-INFO-   Adding items to cart
10/15/202310:52:10AM-root-INFO-   Checkout Page
10/15/202310:52:10AM-root-INFO-   Checkout Page
10/15/202310:52:10AM-root-INFO-   Final Checkout
10/15/202310:52:10AM-root-INFO-   Final Checkout
10/15/202310:52:10AM-root-INFO-   Verifying Address
10/15/202310:52:10AM-root-INFO-   Verifying Address
10/15/202310:52:16AM-root-INFO-   Completed the Purchasing Process
10/15/202310:52:16AM-root-INFO-   Completed the Purchasing Process
10/15/202310:52:16AM-root-INFO-   Successfully Completed Shopping
10/15/202310:52:16AM-root-INFO-   Successfully Completed Shopping
10/15/202310:52:16AM-root-INFO-  Test_002_Form
10/15/202310:52:16AM-root-INFO-  Test_002_Form
10/15/202310:52:28AM-root-INFO-  Launching Form filling Page
10/15/202310:52:28AM-root-INFO-  Launching Form filling Page
10/15/202310:52:28AM-root-INFO-  Filling the details
10/15/202310:52:28AM-root-INFO-  Filling the details
10/15/202310:52:31AM-root-INFO-  Successfully filled the form
10/15/202310:52:31AM-root-INFO-  Successfully filled the form
10/15/202303:09:17PM-root-INFO-  Test_002_Form
10/15/202303:10:39PM-root-INFO-  Launching Form filling Page
10/15/202303:10:39PM-root-INFO-  Filling the details
10/15/202303:10:49PM-root-INFO-  Successfully filled the form
